<?xml version="1.0" encoding="UTF-8"?>
<coverage generated="1710923637404" clover="3.2.0">
  <project timestamp="1710923637405" name="All files">
    <metrics statements="12" coveredstatements="12" conditionals="1" coveredconditionals="1" methods="1" coveredmethods="1" elements="14" coveredelements="14" complexity="0" loc="12" ncloc="12" packages="1" files="2" classes="2"/>
    <file name="module.js" path="C:\Users\wjdjd\OneDrive\바탕 화면\FE\학습\2.jest\module.js">
      <metrics statements="3" coveredstatements="3" conditionals="0" coveredconditionals="0" methods="0" coveredmethods="0"/>
      <line num="1" count="1" type="stmt"/>
      <line num="2" count="1" type="stmt"/>
      <line num="3" count="1" type="stmt"/>
    </file>
    <file name="sum.js" path="C:\Users\wjdjd\OneDrive\바탕 화면\FE\학습\2.jest\sum.js">
      <metrics statements="9" coveredstatements="9" conditionals="1" coveredconditionals="1" methods="1" coveredmethods="1"/>
      <line num="1" count="1" type="stmt"/>
      <line num="2" count="1" type="stmt"/>
      <line num="3" count="1" type="stmt"/>
      <line num="4" count="1" type="cond" truecount="1" falsecount="0"/>
      <line num="5" count="1" type="stmt"/>
      <line num="6" count="1" type="stmt"/>
      <line num="7" count="1" type="stmt"/>
      <line num="8" count="1" type="stmt"/>
      <line num="9" count="1" type="stmt"/>
    </file>
  </project>
</coverage>
